<?xml version="1.0" encoding="UTF-8"?>
<!-- Generated by org.testng.reporters.JUnitXMLReporter -->
<testsuite ignored="0" hostname="LAPTOP-G0BF4AFQ" failures="0" tests="5" name="Test" time="3.419" errors="0" timestamp="2023-03-16T20:47:42 IST">
  <testcase classname="testCases.TC_VideoGameAPI" name="test_AllVideoGames" time="2.033"/>
  <testcase classname="testCases.TC_VideoGameAPI" name="test_NewVideoGame" time="0.563"/>
  <testcase classname="testCases.TC_VideoGameAPI" name="test_getVideoGame" time="0.617"/>
  <testcase classname="testCases.TC_VideoGameAPI" name="test_UpdateVideoGame" time="0.091"/>
  <testcase classname="testCases.TC_VideoGameAPI" name="test_DeleteVideoGame" time="0.036"/>
</testsuite> <!-- Test -->
