<?xml version="1.0" encoding="UTF-8"?>
<!-- Generated by org.testng.reporters.JUnitXMLReporter -->
<testsuite ignored="0" hostname="LAPTOP-G0BF4AFQ" failures="0" tests="5" name="Test" time="7.355" errors="0" timestamp="2023-03-16T21:07:05 IST">
  <testcase classname="testCases.TC_VideoGameAPI" name="test_AllVideoGames" time="2.804"/>
  <testcase classname="testCases.TC_VideoGameAPI" name="test_NewVideoGame" time="0.646"/>
  <testcase classname="testCases.TC_VideoGameAPI" name="test_getVideoGame" time="0.692"/>
  <testcase classname="testCases.TC_VideoGameAPI" name="test_UpdateVideoGame" time="0.097"/>
  <testcase classname="testCases.TC_VideoGameAPI" name="test_DeleteVideoGame" time="3.036"/>
</testsuite> <!-- Test -->
