<?xml version="1.0" encoding="UTF-8"?>
<testng-results ignored="0" total="5" passed="5" failed="0" skipped="0">
  <reporter-output>
  </reporter-output>
  <suite started-at="2023-03-16T21:06:57 IST" name="Suite" finished-at="2023-03-16T21:07:04 IST" duration-ms="7355">
    <groups>
    </groups>
    <test started-at="2023-03-16T21:06:57 IST" name="Test" finished-at="2023-03-16T21:07:04 IST" duration-ms="7355">
      <class name="testCases.TC_VideoGameAPI">
        <test-method signature="test_AllVideoGames()[pri:1, instance:testCases.TC_VideoGameAPI@702657cc]" started-at="2023-03-16T21:06:57 IST" name="test_AllVideoGames" finished-at="2023-03-16T21:07:00 IST" duration-ms="2804" status="PASS">
          <reporter-output>
          </reporter-output>
        </test-method> <!-- test_AllVideoGames -->
        <test-method signature="test_NewVideoGame()[pri:2, instance:testCases.TC_VideoGameAPI@702657cc]" started-at="2023-03-16T21:07:00 IST" name="test_NewVideoGame" finished-at="2023-03-16T21:07:01 IST" duration-ms="646" status="PASS">
          <reporter-output>
          </reporter-output>
        </test-method> <!-- test_NewVideoGame -->
        <test-method signature="test_getVideoGame()[pri:3, instance:testCases.TC_VideoGameAPI@702657cc]" started-at="2023-03-16T21:07:01 IST" name="test_getVideoGame" finished-at="2023-03-16T21:07:01 IST" duration-ms="692" status="PASS">
          <reporter-output>
          </reporter-output>
        </test-method> <!-- test_getVideoGame -->
        <test-method signature="test_UpdateVideoGame()[pri:4, instance:testCases.TC_VideoGameAPI@702657cc]" started-at="2023-03-16T21:07:01 IST" name="test_UpdateVideoGame" finished-at="2023-03-16T21:07:01 IST" duration-ms="97" status="PASS">
          <reporter-output>
          </reporter-output>
        </test-method> <!-- test_UpdateVideoGame -->
        <test-method signature="test_DeleteVideoGame()[pri:5, instance:testCases.TC_VideoGameAPI@702657cc]" started-at="2023-03-16T21:07:01 IST" name="test_DeleteVideoGame" finished-at="2023-03-16T21:07:04 IST" duration-ms="3036" status="PASS">
          <reporter-output>
          </reporter-output>
        </test-method> <!-- test_DeleteVideoGame -->
      </class> <!-- testCases.TC_VideoGameAPI -->
    </test> <!-- Test -->
  </suite> <!-- Suite -->
</testng-results>
