<?xml version="1.0" encoding="UTF-8"?>
<testsuite name="TestSuite" time="7.274" tests="5" errors="0" skipped="0" failures="0">
  <properties>
[...]
</properties>
  <testcase name="test_AllVideoGames" classname="testCases.TC_VideoGameAPI" time="2.804"/>
  <testcase name="test_NewVideoGame" classname="testCases.TC_VideoGameAPI" time="0.645"/>
  <testcase name="test_getVideoGame" classname="testCases.TC_VideoGameAPI" time="0.692"/>
  <testcase name="test_UpdateVideoGame" classname="testCases.TC_VideoGameAPI" time="0.097"/>
  <testcase name="test_DeleteVideoGame" classname="testCases.TC_VideoGameAPI" time="3.036"/>
</testsuite>